Information: Updating design information... (UID-85)
 
****************************************
Report : timing
        -path full
        -delay max
        -max_paths 1
Design : TOP_FMUL
Version: Q-2019.12-SP5-5
Date   : Mon May 27 11:02:48 2024
****************************************

Operating Conditions: ff1p16v125c   Library: saed32rvt_ff1p16v125c
Wire Load Model Mode: enclosed

  Startpoint: A_reg[17] (rising edge-triggered flip-flop clocked by clk)
  Endpoint: Y_FF_reg[22]
            (rising edge-triggered flip-flop clocked by clk)
  Path Group: clk
  Path Type: max

  Des/Clust/Port     Wire Load Model       Library
  ------------------------------------------------
  TOP_FMUL           16000                 saed32rvt_ff1p16v125c
  mult               16000                 saed32rvt_ff1p16v125c
  fa_549             ForQA                 saed32rvt_ff1p16v125c
  fa_397             ForQA                 saed32rvt_ff1p16v125c
  fa_296             ForQA                 saed32rvt_ff1p16v125c
  fa_229             ForQA                 saed32rvt_ff1p16v125c
  fa_184             ForQA                 saed32rvt_ff1p16v125c
  fa_154             ForQA                 saed32rvt_ff1p16v125c
  fa_138             ForQA                 saed32rvt_ff1p16v125c
  fa_72              ForQA                 saed32rvt_ff1p16v125c
  rca_4b_18          ForQA                 saed32rvt_ff1p16v125c
  fa_71              ForQA                 saed32rvt_ff1p16v125c
  fa_70              ForQA                 saed32rvt_ff1p16v125c
  fa_69              ForQA                 saed32rvt_ff1p16v125c
  csa_8b_6           ForQA                 saed32rvt_ff1p16v125c
  csa_16b_2          8000                  saed32rvt_ff1p16v125c
  csa_32b            8000                  saed32rvt_ff1p16v125c
  adder              8000                  saed32rvt_ff1p16v125c
  FMUL               16000                 saed32rvt_ff1p16v125c
  FMUL_DW01_add_0    ForQA                 saed32rvt_ff1p16v125c

  Point                                                   Incr       Path
  --------------------------------------------------------------------------
  clock clk (rise edge)                                   0.00       0.00
  clock network delay (ideal)                             0.00       0.00
  A_reg[17]/CLK (DFFX1_RVT)                               0.00       0.00 r
  A_reg[17]/Q (DFFX1_RVT)                                 0.08       0.08 f
  FMUL_inst/A_frac[17] (FMUL)                             0.00       0.08 f
  FMUL_inst/partial_prod/A[17] (mult)                     0.00       0.08 f
  FMUL_inst/partial_prod/U557/Y (NBUFFX2_RVT)             0.03       0.11 f
  FMUL_inst/partial_prod/U123/Y (AND2X1_RVT)              0.03       0.14 f
  FMUL_inst/partial_prod/fa_L1_78/A (fa_549)              0.00       0.14 f
  FMUL_inst/partial_prod/fa_L1_78/ha0/A (ha_1098)         0.00       0.14 f
  FMUL_inst/partial_prod/fa_L1_78/ha0/U1/Y (XOR2X1_RVT)
                                                          0.05       0.19 r
  FMUL_inst/partial_prod/fa_L1_78/ha0/sum (ha_1098)       0.00       0.19 r
  FMUL_inst/partial_prod/fa_L1_78/ha1/A (ha_1097)         0.00       0.19 r
  FMUL_inst/partial_prod/fa_L1_78/ha1/U1/Y (XOR2X1_RVT)
                                                          0.05       0.23 f
  FMUL_inst/partial_prod/fa_L1_78/ha1/sum (ha_1097)       0.00       0.23 f
  FMUL_inst/partial_prod/fa_L1_78/sum (fa_549)            0.00       0.23 f
  FMUL_inst/partial_prod/fa_L2_54/A (fa_397)              0.00       0.23 f
  FMUL_inst/partial_prod/fa_L2_54/ha0/A (ha_794)          0.00       0.23 f
  FMUL_inst/partial_prod/fa_L2_54/ha0/U1/Y (XOR2X1_RVT)
                                                          0.05       0.28 r
  FMUL_inst/partial_prod/fa_L2_54/ha0/sum (ha_794)        0.00       0.28 r
  FMUL_inst/partial_prod/fa_L2_54/ha1/A (ha_793)          0.00       0.28 r
  FMUL_inst/partial_prod/fa_L2_54/ha1/U1/Y (XOR2X1_RVT)
                                                          0.04       0.33 f
  FMUL_inst/partial_prod/fa_L2_54/ha1/sum (ha_793)        0.00       0.33 f
  FMUL_inst/partial_prod/fa_L2_54/sum (fa_397)            0.00       0.33 f
  FMUL_inst/partial_prod/fa_L3_37/B (fa_296)              0.00       0.33 f
  FMUL_inst/partial_prod/fa_L3_37/ha0/B (ha_592)          0.00       0.33 f
  FMUL_inst/partial_prod/fa_L3_37/ha0/U1/Y (XOR2X1_RVT)
                                                          0.05       0.37 r
  FMUL_inst/partial_prod/fa_L3_37/ha0/sum (ha_592)        0.00       0.37 r
  FMUL_inst/partial_prod/fa_L3_37/ha1/A (ha_591)          0.00       0.37 r
  FMUL_inst/partial_prod/fa_L3_37/ha1/U1/Y (AND2X1_RVT)
                                                          0.02       0.39 r
  FMUL_inst/partial_prod/fa_L3_37/ha1/cout (ha_591)       0.00       0.39 r
  FMUL_inst/partial_prod/fa_L3_37/U1/Y (OR2X1_RVT)        0.02       0.42 r
  FMUL_inst/partial_prod/fa_L3_37/cout (fa_296)           0.00       0.42 r
  FMUL_inst/partial_prod/fa_L4_26/B (fa_229)              0.00       0.42 r
  FMUL_inst/partial_prod/fa_L4_26/ha0/B (ha_458)          0.00       0.42 r
  FMUL_inst/partial_prod/fa_L4_26/ha0/U1/Y (XOR2X1_RVT)
                                                          0.05       0.46 f
  FMUL_inst/partial_prod/fa_L4_26/ha0/sum (ha_458)        0.00       0.46 f
  FMUL_inst/partial_prod/fa_L4_26/ha1/A (ha_457)          0.00       0.46 f
  FMUL_inst/partial_prod/fa_L4_26/ha1/U1/Y (XOR2X1_RVT)
                                                          0.05       0.51 r
  FMUL_inst/partial_prod/fa_L4_26/ha1/sum (ha_457)        0.00       0.51 r
  FMUL_inst/partial_prod/fa_L4_26/sum (fa_229)            0.00       0.51 r
  FMUL_inst/partial_prod/fa_L5_19/B (fa_184)              0.00       0.51 r
  FMUL_inst/partial_prod/fa_L5_19/ha0/B (ha_368)          0.00       0.51 r
  FMUL_inst/partial_prod/fa_L5_19/ha0/U1/Y (XOR2X1_RVT)
                                                          0.05       0.56 f
  FMUL_inst/partial_prod/fa_L5_19/ha0/sum (ha_368)        0.00       0.56 f
  FMUL_inst/partial_prod/fa_L5_19/ha1/A (ha_367)          0.00       0.56 f
  FMUL_inst/partial_prod/fa_L5_19/ha1/U2/Y (AND2X1_RVT)
                                                          0.02       0.58 f
  FMUL_inst/partial_prod/fa_L5_19/ha1/cout (ha_367)       0.00       0.58 f
  FMUL_inst/partial_prod/fa_L5_19/U1/Y (OR2X1_RVT)        0.02       0.60 f
  FMUL_inst/partial_prod/fa_L5_19/cout (fa_184)           0.00       0.60 f
  FMUL_inst/partial_prod/fa_L6_17/A (fa_154)              0.00       0.60 f
  FMUL_inst/partial_prod/fa_L6_17/ha0/A (ha_308)          0.00       0.60 f
  FMUL_inst/partial_prod/fa_L6_17/ha0/U1/Y (XOR2X1_RVT)
                                                          0.05       0.65 r
  FMUL_inst/partial_prod/fa_L6_17/ha0/sum (ha_308)        0.00       0.65 r
  FMUL_inst/partial_prod/fa_L6_17/ha1/A (ha_307)          0.00       0.65 r
  FMUL_inst/partial_prod/fa_L6_17/ha1/U1/Y (AND2X1_RVT)
                                                          0.02       0.67 r
  FMUL_inst/partial_prod/fa_L6_17/ha1/cout (ha_307)       0.00       0.67 r
  FMUL_inst/partial_prod/fa_L6_17/U1/Y (OR2X1_RVT)        0.02       0.69 r
  FMUL_inst/partial_prod/fa_L6_17/cout (fa_154)           0.00       0.69 r
  FMUL_inst/partial_prod/fa_L7_17/A (fa_138)              0.00       0.69 r
  FMUL_inst/partial_prod/fa_L7_17/ha0/A (ha_276)          0.00       0.69 r
  FMUL_inst/partial_prod/fa_L7_17/ha0/U1/Y (XOR2X1_RVT)
                                                          0.05       0.74 f
  FMUL_inst/partial_prod/fa_L7_17/ha0/sum (ha_276)        0.00       0.74 f
  FMUL_inst/partial_prod/fa_L7_17/ha1/A (ha_275)          0.00       0.74 f
  FMUL_inst/partial_prod/fa_L7_17/ha1/U1/Y (XOR2X1_RVT)
                                                          0.05       0.79 r
  FMUL_inst/partial_prod/fa_L7_17/ha1/sum (ha_275)        0.00       0.79 r
  FMUL_inst/partial_prod/fa_L7_17/sum (fa_138)            0.00       0.79 r
  FMUL_inst/partial_prod/adder_inst/B[16] (adder)         0.00       0.79 r
  FMUL_inst/partial_prod/adder_inst/csa0/b[16] (csa_32b)
                                                          0.00       0.79 r
  FMUL_inst/partial_prod/adder_inst/csa0/csa_inst1_h/b[0] (csa_16b_2)
                                                          0.00       0.79 r
  FMUL_inst/partial_prod/adder_inst/csa0/csa_inst1_h/csa_inst0/b[0] (csa_8b_6)
                                                          0.00       0.79 r
  FMUL_inst/partial_prod/adder_inst/csa0/csa_inst1_h/csa_inst0/rca_inst0/b[0] (rca_4b_18)
                                                          0.00       0.79 r
  FMUL_inst/partial_prod/adder_inst/csa0/csa_inst1_h/csa_inst0/rca_inst0/fa_inst[0]/B (fa_72)
                                                          0.00       0.79 r
  FMUL_inst/partial_prod/adder_inst/csa0/csa_inst1_h/csa_inst0/rca_inst0/fa_inst[0]/ha0/B (ha_144)
                                                          0.00       0.79 r
  FMUL_inst/partial_prod/adder_inst/csa0/csa_inst1_h/csa_inst0/rca_inst0/fa_inst[0]/ha0/U1/Y (XOR2X1_RVT)
                                                          0.05       0.84 f
  FMUL_inst/partial_prod/adder_inst/csa0/csa_inst1_h/csa_inst0/rca_inst0/fa_inst[0]/ha0/sum (ha_144)
                                                          0.00       0.84 f
  FMUL_inst/partial_prod/adder_inst/csa0/csa_inst1_h/csa_inst0/rca_inst0/fa_inst[0]/ha1/A (ha_143)
                                                          0.00       0.84 f
  FMUL_inst/partial_prod/adder_inst/csa0/csa_inst1_h/csa_inst0/rca_inst0/fa_inst[0]/ha1/U1/Y (AND2X1_RVT)
                                                          0.02       0.86 f
  FMUL_inst/partial_prod/adder_inst/csa0/csa_inst1_h/csa_inst0/rca_inst0/fa_inst[0]/ha1/cout (ha_143)
                                                          0.00       0.86 f
  FMUL_inst/partial_prod/adder_inst/csa0/csa_inst1_h/csa_inst0/rca_inst0/fa_inst[0]/U1/Y (OR2X1_RVT)
                                                          0.02       0.88 f
  FMUL_inst/partial_prod/adder_inst/csa0/csa_inst1_h/csa_inst0/rca_inst0/fa_inst[0]/cout (fa_72)
                                                          0.00       0.88 f
  FMUL_inst/partial_prod/adder_inst/csa0/csa_inst1_h/csa_inst0/rca_inst0/fa_inst[1]/cin (fa_71)
                                                          0.00       0.88 f
  FMUL_inst/partial_prod/adder_inst/csa0/csa_inst1_h/csa_inst0/rca_inst0/fa_inst[1]/ha1/B (ha_141)
                                                          0.00       0.88 f
  FMUL_inst/partial_prod/adder_inst/csa0/csa_inst1_h/csa_inst0/rca_inst0/fa_inst[1]/ha1/U1/Y (AND2X1_RVT)
                                                          0.02       0.90 f
  FMUL_inst/partial_prod/adder_inst/csa0/csa_inst1_h/csa_inst0/rca_inst0/fa_inst[1]/ha1/cout (ha_141)
                                                          0.00       0.90 f
  FMUL_inst/partial_prod/adder_inst/csa0/csa_inst1_h/csa_inst0/rca_inst0/fa_inst[1]/U1/Y (OR2X1_RVT)
                                                          0.02       0.92 f
  FMUL_inst/partial_prod/adder_inst/csa0/csa_inst1_h/csa_inst0/rca_inst0/fa_inst[1]/cout (fa_71)
                                                          0.00       0.92 f
  FMUL_inst/partial_prod/adder_inst/csa0/csa_inst1_h/csa_inst0/rca_inst0/fa_inst[2]/cin (fa_70)
                                                          0.00       0.92 f
  FMUL_inst/partial_prod/adder_inst/csa0/csa_inst1_h/csa_inst0/rca_inst0/fa_inst[2]/ha1/B (ha_139)
                                                          0.00       0.92 f
  FMUL_inst/partial_prod/adder_inst/csa0/csa_inst1_h/csa_inst0/rca_inst0/fa_inst[2]/ha1/U1/Y (AND2X1_RVT)
                                                          0.02       0.94 f
  FMUL_inst/partial_prod/adder_inst/csa0/csa_inst1_h/csa_inst0/rca_inst0/fa_inst[2]/ha1/cout (ha_139)
                                                          0.00       0.94 f
  FMUL_inst/partial_prod/adder_inst/csa0/csa_inst1_h/csa_inst0/rca_inst0/fa_inst[2]/U1/Y (OR2X1_RVT)
                                                          0.02       0.96 f
  FMUL_inst/partial_prod/adder_inst/csa0/csa_inst1_h/csa_inst0/rca_inst0/fa_inst[2]/cout (fa_70)
                                                          0.00       0.96 f
  FMUL_inst/partial_prod/adder_inst/csa0/csa_inst1_h/csa_inst0/rca_inst0/fa_inst[3]/cin (fa_69)
                                                          0.00       0.96 f
  FMUL_inst/partial_prod/adder_inst/csa0/csa_inst1_h/csa_inst0/rca_inst0/fa_inst[3]/ha1/B (ha_137)
                                                          0.00       0.96 f
  FMUL_inst/partial_prod/adder_inst/csa0/csa_inst1_h/csa_inst0/rca_inst0/fa_inst[3]/ha1/U1/Y (AND2X1_RVT)
                                                          0.02       0.98 f
  FMUL_inst/partial_prod/adder_inst/csa0/csa_inst1_h/csa_inst0/rca_inst0/fa_inst[3]/ha1/cout (ha_137)
                                                          0.00       0.98 f
  FMUL_inst/partial_prod/adder_inst/csa0/csa_inst1_h/csa_inst0/rca_inst0/fa_inst[3]/U1/Y (OR2X1_RVT)
                                                          0.03       1.01 f
  FMUL_inst/partial_prod/adder_inst/csa0/csa_inst1_h/csa_inst0/rca_inst0/fa_inst[3]/cout (fa_69)
                                                          0.00       1.01 f
  FMUL_inst/partial_prod/adder_inst/csa0/csa_inst1_h/csa_inst0/rca_inst0/cout (rca_4b_18)
                                                          0.00       1.01 f
  FMUL_inst/partial_prod/adder_inst/csa0/csa_inst1_h/csa_inst0/U3/Y (INVX1_RVT)
                                                          0.02       1.03 r
  FMUL_inst/partial_prod/adder_inst/csa0/csa_inst1_h/csa_inst0/U4/Y (AO22X1_RVT)
                                                          0.04       1.07 r
  FMUL_inst/partial_prod/adder_inst/csa0/csa_inst1_h/csa_inst0/cout (csa_8b_6)
                                                          0.00       1.07 r
  FMUL_inst/partial_prod/adder_inst/csa0/csa_inst1_h/U3/Y (INVX1_RVT)
                                                          0.03       1.10 f
  FMUL_inst/partial_prod/adder_inst/csa0/csa_inst1_h/U4/Y (AO22X1_RVT)
                                                          0.02       1.12 f
  FMUL_inst/partial_prod/adder_inst/csa0/csa_inst1_h/cout (csa_16b_2)
                                                          0.00       1.12 f
  FMUL_inst/partial_prod/adder_inst/csa0/U5/Y (AO22X1_RVT)
                                                          0.04       1.16 f
  FMUL_inst/partial_prod/adder_inst/csa0/cout (csa_32b)
                                                          0.00       1.16 f
  FMUL_inst/partial_prod/adder_inst/U3/Y (INVX1_RVT)      0.02       1.18 r
  FMUL_inst/partial_prod/adder_inst/U4/Y (AO22X1_RVT)     0.03       1.21 r
  FMUL_inst/partial_prod/adder_inst/sum[39] (adder)       0.00       1.21 r
  FMUL_inst/partial_prod/product[47] (mult)               0.00       1.21 r
  FMUL_inst/add_1_root_add_76_2/CI (FMUL_DW01_add_0)      0.00       1.21 r
  FMUL_inst/add_1_root_add_76_2/U13/Y (AO22X1_RVT)        0.03       1.24 r
  FMUL_inst/add_1_root_add_76_2/U12/Y (OR2X1_RVT)         0.03       1.27 r
  FMUL_inst/add_1_root_add_76_2/U11/Y (AO22X1_RVT)        0.03       1.29 r
  FMUL_inst/add_1_root_add_76_2/U10/Y (OR2X1_RVT)         0.03       1.32 r
  FMUL_inst/add_1_root_add_76_2/U9/Y (AO22X1_RVT)         0.03       1.34 r
  FMUL_inst/add_1_root_add_76_2/U8/Y (OR2X1_RVT)          0.03       1.37 r
  FMUL_inst/add_1_root_add_76_2/U7/Y (AO22X1_RVT)         0.03       1.40 r
  FMUL_inst/add_1_root_add_76_2/U6/Y (OR2X1_RVT)          0.03       1.42 r
  FMUL_inst/add_1_root_add_76_2/U5/Y (AO22X1_RVT)         0.03       1.45 r
  FMUL_inst/add_1_root_add_76_2/U4/Y (OR2X1_RVT)          0.03       1.47 r
  FMUL_inst/add_1_root_add_76_2/U3/Y (AO22X1_RVT)         0.03       1.50 r
  FMUL_inst/add_1_root_add_76_2/U2/Y (OR2X1_RVT)          0.03       1.52 r
  FMUL_inst/add_1_root_add_76_2/U1/Y (AO22X1_RVT)         0.03       1.55 r
  FMUL_inst/add_1_root_add_76_2/U1_7/S (FADDX1_RVT)       0.05       1.61 f
  FMUL_inst/add_1_root_add_76_2/SUM[7] (FMUL_DW01_add_0)
                                                          0.00       1.61 f
  FMUL_inst/U33/Y (OR2X1_RVT)                             0.03       1.64 f
  FMUL_inst/U91/Y (NAND2X0_RVT)                           0.02       1.66 r
  FMUL_inst/U19/Y (INVX1_RVT)                             0.01       1.67 f
  FMUL_inst/U54/Y (AND4X1_RVT)                            0.04       1.70 f
  FMUL_inst/U55/Y (AO21X1_RVT)                            0.03       1.73 f
  FMUL_inst/U6/Y (NOR2X1_RVT)                             0.04       1.77 r
  FMUL_inst/U81/Y (AND3X1_RVT)                            0.03       1.80 r
  FMUL_inst/U9/Y (NBUFFX2_RVT)                            0.03       1.83 r
  FMUL_inst/U32/Y (AO222X1_RVT)                           0.05       1.88 r
  FMUL_inst/frac[23] (FMUL)                               0.00       1.88 r
  Y_FF_reg[22]/D (DFFX1_RVT)                              0.00       1.88 r
  data arrival time                                                  1.88

  clock clk (rise edge)                                   4.00       4.00
  clock network delay (ideal)                             0.00       4.00
  Y_FF_reg[22]/CLK (DFFX1_RVT)                            0.00       4.00 r
  library setup time                                     -0.02       3.98
  data required time                                                 3.98
  --------------------------------------------------------------------------
  data required time                                                 3.98
  data arrival time                                                 -1.88
  --------------------------------------------------------------------------
  slack (MET)                                                        2.09


1
