 
****************************************
Report : area
Design : TOP_FMUL
Version: Q-2019.12-SP5-5
Date   : Mon May 27 17:39:21 2024
****************************************

Library(s) Used:

    saed32rvt_ff1p16v125c (File: /data3/Class/SID/2024_1/2024_1_sid35/lib/SAED32_EDK/saed32rvt_ff1p16v125c.db)

Number of ports:                           99
Number of nets:                          1555
Number of cells:                         1196
Number of combinational cells:           1096
Number of sequential cells:               100
Number of macros/black boxes:               0
Number of buf/inv:                         61
Number of references:                      27

Combinational area:               3480.502072
Buf/Inv area:                       77.513920
Noncombinational area:             657.724693
Macro/Black Box area:                0.000000
Net Interconnect area:            1192.744581

Total cell area:                  4138.226765
Total area:                       5330.971346
1
